

***********************************************************************
Fatal NI connect error 12541, connecting to:
 (DESCRIPTION=(ADDRESS=(PROTOCOL=TCP)(HOST=192.168.56.101)(PORT=1522))(CONNECT_DATA=(SID=xe)(CID=(PROGRAM=C:\Program Files\Quest Software\Toad for Oracle\toad.exe)(HOST=YASBABY-PC)(USER=Yasbaby))))

  VERSION INFORMATION:
	TNS for 32-bit Windows: Version 10.2.0.1.0 - Production
	Windows NT TCP/IP NT Protocol Adapter for 32-bit Windows: Version 10.2.0.1.0 - Production
  Time: 12-SEP-2014 18:41:55
  Tracing not turned on.
  Tns error struct:
    ns main err code: 12541
    TNS-12541: Message 12541 not found; No message file for product=NETWORK, facility=TNS
    ns secondary err code: 12560
    nt main err code: 511
    TNS-00511: Message 511 not found; No message file for product=NETWORK, facility=TNS
    nt secondary err code: 61
    nt OS err code: 0


***********************************************************************
Fatal NI connect error 12541, connecting to:
 (DESCRIPTION=(ADDRESS=(PROTOCOL=TCP)(HOST=192.168.56.101)(PORT=1522))(CONNECT_DATA=(SID=xe)(CID=(PROGRAM=C:\Program Files\Quest Software\Toad for Oracle\toad.exe)(HOST=YASBABY-PC)(USER=Yasbaby))))

  VERSION INFORMATION:
	TNS for 32-bit Windows: Version 10.2.0.1.0 - Production
	Windows NT TCP/IP NT Protocol Adapter for 32-bit Windows: Version 10.2.0.1.0 - Production
  Time: 12-SEP-2014 18:42:19
  Tracing not turned on.
  Tns error struct:
    ns main err code: 12541
    TNS-12541: Message 12541 not found; No message file for product=NETWORK, facility=TNS
    ns secondary err code: 12560
    nt main err code: 511
    TNS-00511: Message 511 not found; No message file for product=NETWORK, facility=TNS
    nt secondary err code: 61
    nt OS err code: 0


***********************************************************************
Fatal NI connect error 12541, connecting to:
 (DESCRIPTION=(ADDRESS=(PROTOCOL=TCP)(HOST=192.168.56.101)(PORT=1522))(CONNECT_DATA=(SID=xe)(CID=(PROGRAM=C:\Program Files\Quest Software\Toad for Oracle\toad.exe)(HOST=YASBABY-PC)(USER=Yasbaby))))

  VERSION INFORMATION:
	TNS for 32-bit Windows: Version 10.2.0.1.0 - Production
	Windows NT TCP/IP NT Protocol Adapter for 32-bit Windows: Version 10.2.0.1.0 - Production
  Time: 12-SEP-2014 18:42:25
  Tracing not turned on.
  Tns error struct:
    ns main err code: 12541
    TNS-12541: Message 12541 not found; No message file for product=NETWORK, facility=TNS
    ns secondary err code: 12560
    nt main err code: 511
    TNS-00511: Message 511 not found; No message file for product=NETWORK, facility=TNS
    nt secondary err code: 61
    nt OS err code: 0


***********************************************************************
Fatal NI connect error 12541, connecting to:
 (DESCRIPTION=(ADDRESS=(PROTOCOL=TCP)(HOST=192.168.56.101)(PORT=1522))(CONNECT_DATA=(SID=xe)(CID=(PROGRAM=C:\Program Files\Quest Software\Toad for Oracle\toad.exe)(HOST=YASBABY-PC)(USER=Yasbaby))))

  VERSION INFORMATION:
	TNS for 32-bit Windows: Version 10.2.0.1.0 - Production
	Windows NT TCP/IP NT Protocol Adapter for 32-bit Windows: Version 10.2.0.1.0 - Production
  Time: 12-SEP-2014 18:42:30
  Tracing not turned on.
  Tns error struct:
    ns main err code: 12541
    TNS-12541: Message 12541 not found; No message file for product=NETWORK, facility=TNS
    ns secondary err code: 12560
    nt main err code: 511
    TNS-00511: Message 511 not found; No message file for product=NETWORK, facility=TNS
    nt secondary err code: 61
    nt OS err code: 0
